2012-07-13T11:48:52-03:00 NOTICE (5): Untranslated message within 'pt': Value is required and can't be empty
2012-07-17T13:34:42-03:00 NOTICE (5): Untranslated message within 'pt': a:2:{s:2:"id";s:2:"34";s:4:"nome";s:9:"teste+-+2";}
2012-07-17T13:35:52-03:00 NOTICE (5): Untranslated message within 'pt': a:2:{s:2:"id";s:2:"34";s:4:"nome";s:9:"teste+-+2";}
2012-07-17T13:36:07-03:00 NOTICE (5): Untranslated message within 'pt': a:2:{s:2:"id";s:2:"34";s:4:"nome";s:9:"teste - 2";}
2012-07-17T13:36:41-03:00 NOTICE (5): Untranslated message within 'pt': a:2:{s:2:"id";s:0:"";s:4:"nome";s:0:"";}
2012-07-17T13:36:58-03:00 NOTICE (5): Untranslated message within 'pt': a:2:{s:2:"id";s:0:"";s:4:"nome";s:9:"james - 2";}
2012-07-28T19:00:38-03:00 NOTICE (5): Untranslated message within 'pt': '2' was not found in the haystack
2012-07-29T17:36:33-03:00 NOTICE (5): Untranslated message within 'pt': '1' was not found in the haystack
2012-08-08T19:23:10-03:00 NOTICE (5): Untranslated message within 'pt': '1' was not found in the haystack
2012-09-15T12:33:48-03:00 NOTICE (5): Untranslated message within 'pt': 'null' was not found in the haystack
2012-10-26T13:49:23-02:00 NOTICE (5): Untranslated message within 'pt': 'null' was not found in the haystack
2012-10-26T13:50:03-02:00 NOTICE (5): Untranslated message within 'pt': 'null' was not found in the haystack
2012-10-27T11:43:46-02:00 NOTICE (5): Untranslated message within 'pt': '1' was not found in the haystack
2012-10-27T11:51:40-02:00 NOTICE (5): Untranslated message within 'pt': '1' was not found in the haystack
2012-10-27T11:57:09-02:00 NOTICE (5): Untranslated message within 'pt': '1' was not found in the haystack
2012-10-27T11:57:17-02:00 NOTICE (5): Untranslated message within 'pt': '1' was not found in the haystack
2012-10-27T11:58:32-02:00 NOTICE (5): Untranslated message within 'pt': '1' was not found in the haystack
2012-10-27T12:04:16-02:00 NOTICE (5): Untranslated message within 'pt': '1' was not found in the haystack
2012-10-27T12:06:16-02:00 NOTICE (5): Untranslated message within 'pt': prd_unidade_id => '1' was not found in the haystack
2012-10-27T12:06:51-02:00 NOTICE (5): Untranslated message within 'pt': prd_unidade_id => '1' was not found in the haystack
2012-10-27T12:21:34-02:00 NOTICE (5): Untranslated message within 'pt': prd_unidade_id => '1' was not found in the haystack
2012-10-27T12:23:50-02:00 NOTICE (5): Untranslated message within 'pt': prd_unidade_id => '2' was not found in the haystack
2012-10-27T12:36:22-02:00 NOTICE (5): Untranslated message within 'pt': prd_descricao => Value is required and can't be empty
